<?xml version="1.0" encoding="UTF-8"?>
<!-- Generated by org.testng.reporters.JUnitReportReporter -->
<testsuite hostname="MSI" failures="0" tests="1" name="GithubSearchTest" time="0.003" errors="0" timestamp="2021-08-18T18:31:39 IST" skipped="0">
  <testcase classname="GithubSearchTest" name="searchGithub" time="0.003"/>
  <system-out/>
</testsuite> <!-- GithubSearchTest -->
